14:17:02.427 [DEBUG] [org.gradle.launcher.daemon.bootstrap.DaemonMain] Assuming the daemon was started with following jvm opts: [-XX:MaxPermSize=256m, -XX:+HeapDumpOnOutOfMemoryError, -Xmx1024m, -Dfile.encoding=GBK, -Duser.country=CN, -Duser.language=zh, -Duser.variant]
14:17:02.432 [DEBUG] [org.gradle.internal.nativeintegration.services.NativeServices] Native-platform posix files is not available.  Continuing with fallback.
14:17:02.437 [DEBUG] [org.gradle.internal.nativeintegration.filesystem.services.FileSystemServices] Using JDK 7 file service org.gradle.internal.nativeintegration.filesystem.jdk7.WindowsJdk7Symlink
14:17:02.557 [INFO] [org.gradle.launcher.daemon.server.Daemon] start() called on daemon - DefaultDaemonContext[uid=d7b0e223-6150-4c48-896d-4c5a32e05201,javaHome=E:\Java\jdk\jdk1.8.0_121,daemonRegistryDir=E:\GitRepos\zxd-apply\radleVersion=3.3\daemon,pid=15788,idleTimeout=10800000,daemonOpts=-XX:MaxPermSize=256m,-XX:+HeapDumpOnOutOfMemoryError,-Xmx1024m,-Dfile.encoding=GBK,-Duser.country=CN,-Duser.language=zh,-Duser.variant]
14:17:02.585 [DEBUG] [org.gradle.internal.remote.internal.inet.InetAddresses] Adding IP addresses for network interface Software Loopback Interface 1
14:17:02.587 [DEBUG] [org.gradle.internal.remote.internal.inet.InetAddresses] Is this a loopback interface? true
14:17:02.588 [DEBUG] [org.gradle.internal.remote.internal.inet.InetAddresses] Is this a multicast interface? true
14:17:02.589 [DEBUG] [org.gradle.internal.remote.internal.inet.InetAddresses] Adding loopback address /127.0.0.1
14:17:02.589 [DEBUG] [org.gradle.internal.remote.internal.inet.InetAddresses] Adding loopback address /0:0:0:0:0:0:0:1
14:17:02.589 [DEBUG] [org.gradle.internal.remote.internal.inet.InetAddresses] Adding loopback multicast interface Software Loopback Interface 1
14:17:02.589 [DEBUG] [org.gradle.internal.remote.internal.inet.InetAddresses] Adding IP addresses for network interface WAN Miniport (IPv6)
14:17:02.591 [DEBUG] [org.gradle.internal.remote.internal.inet.InetAddresses] Is this a loopback interface? false
14:17:02.592 [DEBUG] [org.gradle.internal.remote.internal.inet.InetAddresses] Is this a multicast interface? true
14:17:02.592 [DEBUG] [org.gradle.internal.remote.internal.inet.InetAddresses] Adding loopback multicast interface WAN Miniport (IPv6)
14:17:02.592 [DEBUG] [org.gradle.internal.remote.internal.inet.InetAddresses] Adding IP addresses for network interface WAN Miniport (SSTP)
14:17:02.593 [DEBUG] [org.gradle.internal.remote.internal.inet.InetAddresses] Is this a loopback interface? false
14:17:02.594 [DEBUG] [org.gradle.internal.remote.internal.inet.InetAddresses] Is this a multicast interface? true
14:17:02.595 [DEBUG] [org.gradle.internal.remote.internal.inet.InetAddresses] Adding loopback multicast interface WAN Miniport (SSTP)
14:17:02.595 [DEBUG] [org.gradle.internal.remote.internal.inet.InetAddresses] Adding IP addresses for network interface TAP-Windows Adapter V9
14:17:02.596 [DEBUG] [org.gradle.internal.remote.internal.inet.InetAddresses] Is this a loopback interface? false
14:17:02.597 [DEBUG] [org.gradle.internal.remote.internal.inet.InetAddresses] Is this a multicast interface? true
14:17:02.597 [DEBUG] [org.gradle.internal.remote.internal.inet.InetAddresses] Adding remote address /fe80:0:0:0:da4:45e6:1936:943d%eth1
14:17:02.597 [DEBUG] [org.gradle.internal.remote.internal.inet.InetAddresses] Adding remote multicast interface TAP-Windows Adapter V9
14:17:02.597 [DEBUG] [org.gradle.internal.remote.internal.inet.InetAddresses] Adding IP addresses for network interface WAN Miniport (IKEv2)
14:17:02.598 [DEBUG] [org.gradle.internal.remote.internal.inet.InetAddresses] Is this a loopback interface? false
14:17:02.600 [DEBUG] [org.gradle.internal.remote.internal.inet.InetAddresses] Is this a multicast interface? true
14:17:02.600 [DEBUG] [org.gradle.internal.remote.internal.inet.InetAddresses] Adding loopback multicast interface WAN Miniport (IKEv2)
14:17:02.600 [DEBUG] [org.gradle.internal.remote.internal.inet.InetAddresses] Adding IP addresses for network interface WAN Miniport (L2TP)
14:17:02.601 [DEBUG] [org.gradle.internal.remote.internal.inet.InetAddresses] Is this a loopback interface? false
14:17:02.603 [DEBUG] [org.gradle.internal.remote.internal.inet.InetAddresses] Is this a multicast interface? true
14:17:02.603 [DEBUG] [org.gradle.internal.remote.internal.inet.InetAddresses] Adding loopback multicast interface WAN Miniport (L2TP)
14:17:02.604 [DEBUG] [org.gradle.internal.remote.internal.inet.InetAddresses] Adding IP addresses for network interface Realtek PCIe GBE Family Controller
14:17:02.605 [DEBUG] [org.gradle.internal.remote.internal.inet.InetAddresses] Is this a loopback interface? false
14:17:02.606 [DEBUG] [org.gradle.internal.remote.internal.inet.InetAddresses] Is this a multicast interface? true
14:17:02.606 [DEBUG] [org.gradle.internal.remote.internal.inet.InetAddresses] Adding remote address /99.48.18.58
14:17:02.606 [DEBUG] [org.gradle.internal.remote.internal.inet.InetAddresses] Adding remote address /fe80:0:0:0:4dfc:821d:bca9:5243%eth2
14:17:02.606 [DEBUG] [org.gradle.internal.remote.internal.inet.InetAddresses] Adding remote multicast interface Realtek PCIe GBE Family Controller
14:17:02.606 [DEBUG] [org.gradle.internal.remote.internal.inet.InetAddresses] Adding IP addresses for network interface WAN Miniport (Network Monitor)
14:17:02.607 [DEBUG] [org.gradle.internal.remote.internal.inet.InetAddresses] Is this a loopback interface? false
14:17:02.609 [DEBUG] [org.gradle.internal.remote.internal.inet.InetAddresses] Is this a multicast interface? true
14:17:02.609 [DEBUG] [org.gradle.internal.remote.internal.inet.InetAddresses] Adding loopback multicast interface WAN Miniport (Network Monitor)
14:17:02.609 [DEBUG] [org.gradle.internal.remote.internal.inet.InetAddresses] Adding IP addresses for network interface WAN Miniport (IP)
14:17:02.610 [DEBUG] [org.gradle.internal.remote.internal.inet.InetAddresses] Is this a loopback interface? false
14:17:02.611 [DEBUG] [org.gradle.internal.remote.internal.inet.InetAddresses] Is this a multicast interface? true
14:17:02.611 [DEBUG] [org.gradle.internal.remote.internal.inet.InetAddresses] Adding loopback multicast interface WAN Miniport (IP)
14:17:02.611 [DEBUG] [org.gradle.internal.remote.internal.inet.InetAddresses] Adding IP addresses for network interface WAN Miniport (PPPOE)
14:17:02.612 [DEBUG] [org.gradle.internal.remote.internal.inet.InetAddresses] Is this a loopback interface? false
14:17:02.613 [DEBUG] [org.gradle.internal.remote.internal.inet.InetAddresses] Is this a multicast interface? true
14:17:02.613 [DEBUG] [org.gradle.internal.remote.internal.inet.InetAddresses] Adding loopback multicast interface WAN Miniport (PPPOE)
14:17:02.613 [DEBUG] [org.gradle.internal.remote.internal.inet.InetAddresses] Adding IP addresses for network interface Microsoft Kernel Debug Network Adapter
14:17:02.614 [DEBUG] [org.gradle.internal.remote.internal.inet.InetAddresses] Is this a loopback interface? false
14:17:02.615 [DEBUG] [org.gradle.internal.remote.internal.inet.InetAddresses] Is this a multicast interface? true
14:17:02.616 [DEBUG] [org.gradle.internal.remote.internal.inet.InetAddresses] Adding loopback multicast interface Microsoft Kernel Debug Network Adapter
14:17:02.616 [DEBUG] [org.gradle.internal.remote.internal.inet.InetAddresses] Adding IP addresses for network interface Microsoft ISATAP Adapter
14:17:02.618 [DEBUG] [org.gradle.internal.remote.internal.inet.InetAddresses] Is this a loopback interface? false
14:17:02.619 [DEBUG] [org.gradle.internal.remote.internal.inet.InetAddresses] Is this a multicast interface? false
14:17:02.619 [DEBUG] [org.gradle.internal.remote.internal.inet.InetAddresses] Adding IP addresses for network interface WAN Miniport (PPTP)
14:17:02.620 [DEBUG] [org.gradle.internal.remote.internal.inet.InetAddresses] Is this a loopback interface? false
14:17:02.621 [DEBUG] [org.gradle.internal.remote.internal.inet.InetAddresses] Is this a multicast interface? true
14:17:02.621 [DEBUG] [org.gradle.internal.remote.internal.inet.InetAddresses] Adding loopback multicast interface WAN Miniport (PPTP)
14:17:02.621 [DEBUG] [org.gradle.internal.remote.internal.inet.InetAddresses] Adding IP addresses for network interface WAN Miniport (IP)-WFP Native MAC Layer LightWeight Filter-0000
14:17:02.622 [DEBUG] [org.gradle.internal.remote.internal.inet.InetAddresses] Is this a loopback interface? false
14:17:02.624 [DEBUG] [org.gradle.internal.remote.internal.inet.InetAddresses] Is this a multicast interface? true
14:17:02.624 [DEBUG] [org.gradle.internal.remote.internal.inet.InetAddresses] Adding loopback multicast interface WAN Miniport (IP)-WFP Native MAC Layer LightWeight Filter-0000
14:17:02.625 [DEBUG] [org.gradle.internal.remote.internal.inet.InetAddresses] Adding IP addresses for network interface TAP-Windows Adapter V9-WFP Native MAC Layer LightWeight Filter-0000
14:17:02.626 [DEBUG] [org.gradle.internal.remote.internal.inet.InetAddresses] Is this a loopback interface? false
14:17:02.627 [DEBUG] [org.gradle.internal.remote.internal.inet.InetAddresses] Is this a multicast interface? true
14:17:02.627 [DEBUG] [org.gradle.internal.remote.internal.inet.InetAddresses] Adding loopback multicast interface TAP-Windows Adapter V9-WFP Native MAC Layer LightWeight Filter-0000
14:17:02.627 [DEBUG] [org.gradle.internal.remote.internal.inet.InetAddresses] Adding IP addresses for network interface TAP-Windows Adapter V9-QoS Packet Scheduler-0000
14:17:02.628 [DEBUG] [org.gradle.internal.remote.internal.inet.InetAddresses] Is this a loopback interface? false
14:17:02.629 [DEBUG] [org.gradle.internal.remote.internal.inet.InetAddresses] Is this a multicast interface? true
14:17:02.629 [DEBUG] [org.gradle.internal.remote.internal.inet.InetAddresses] Adding loopback multicast interface TAP-Windows Adapter V9-QoS Packet Scheduler-0000
14:17:02.629 [DEBUG] [org.gradle.internal.remote.internal.inet.InetAddresses] Adding IP addresses for network interface TAP-Windows Adapter V9-WFP 802.3 MAC Layer LightWeight Filter-0000
14:17:02.630 [DEBUG] [org.gradle.internal.remote.internal.inet.InetAddresses] Is this a loopback interface? false
14:17:02.631 [DEBUG] [org.gradle.internal.remote.internal.inet.InetAddresses] Is this a multicast interface? true
14:17:02.631 [DEBUG] [org.gradle.internal.remote.internal.inet.InetAddresses] Adding loopback multicast interface TAP-Windows Adapter V9-WFP 802.3 MAC Layer LightWeight Filter-0000
14:17:02.631 [DEBUG] [org.gradle.internal.remote.internal.inet.InetAddresses] Adding IP addresses for network interface Realtek PCIe GBE Family Controller-WFP Native MAC Layer LightWeight Filter-0000
14:17:02.632 [DEBUG] [org.gradle.internal.remote.internal.inet.InetAddresses] Is this a loopback interface? false
14:17:02.634 [DEBUG] [org.gradle.internal.remote.internal.inet.InetAddresses] Is this a multicast interface? true
14:17:02.634 [DEBUG] [org.gradle.internal.remote.internal.inet.InetAddresses] Adding loopback multicast interface Realtek PCIe GBE Family Controller-WFP Native MAC Layer LightWeight Filter-0000
14:17:02.634 [DEBUG] [org.gradle.internal.remote.internal.inet.InetAddresses] Adding IP addresses for network interface Realtek PCIe GBE Family Controller-QoS Packet Scheduler-0000
14:17:02.636 [DEBUG] [org.gradle.internal.remote.internal.inet.InetAddresses] Is this a loopback interface? false
14:17:02.637 [DEBUG] [org.gradle.internal.remote.internal.inet.InetAddresses] Is this a multicast interface? true
14:17:02.637 [DEBUG] [org.gradle.internal.remote.internal.inet.InetAddresses] Adding loopback multicast interface Realtek PCIe GBE Family Controller-QoS Packet Scheduler-0000
14:17:02.637 [DEBUG] [org.gradle.internal.remote.internal.inet.InetAddresses] Adding IP addresses for network interface Realtek PCIe GBE Family Controller-WFP 802.3 MAC Layer LightWeight Filter-0000
14:17:02.638 [DEBUG] [org.gradle.internal.remote.internal.inet.InetAddresses] Is this a loopback interface? false
14:17:02.640 [DEBUG] [org.gradle.internal.remote.internal.inet.InetAddresses] Is this a multicast interface? true
14:17:02.640 [DEBUG] [org.gradle.internal.remote.internal.inet.InetAddresses] Adding loopback multicast interface Realtek PCIe GBE Family Controller-WFP 802.3 MAC Layer LightWeight Filter-0000
14:17:02.640 [DEBUG] [org.gradle.internal.remote.internal.inet.InetAddresses] Adding IP addresses for network interface WAN Miniport (IP)-QoS Packet Scheduler-0000
14:17:02.641 [DEBUG] [org.gradle.internal.remote.internal.inet.InetAddresses] Is this a loopback interface? false
14:17:02.642 [DEBUG] [org.gradle.internal.remote.internal.inet.InetAddresses] Is this a multicast interface? true
14:17:02.642 [DEBUG] [org.gradle.internal.remote.internal.inet.InetAddresses] Adding loopback multicast interface WAN Miniport (IP)-QoS Packet Scheduler-0000
14:17:02.642 [DEBUG] [org.gradle.internal.remote.internal.inet.InetAddresses] Adding IP addresses for network interface WAN Miniport (IPv6)-WFP Native MAC Layer LightWeight Filter-0000
14:17:02.643 [DEBUG] [org.gradle.internal.remote.internal.inet.InetAddresses] Is this a loopback interface? false
14:17:02.644 [DEBUG] [org.gradle.internal.remote.internal.inet.InetAddresses] Is this a multicast interface? true
14:17:02.644 [DEBUG] [org.gradle.internal.remote.internal.inet.InetAddresses] Adding loopback multicast interface WAN Miniport (IPv6)-WFP Native MAC Layer LightWeight Filter-0000
14:17:02.644 [DEBUG] [org.gradle.internal.remote.internal.inet.InetAddresses] Adding IP addresses for network interface WAN Miniport (IPv6)-QoS Packet Scheduler-0000
14:17:02.645 [DEBUG] [org.gradle.internal.remote.internal.inet.InetAddresses] Is this a loopback interface? false
14:17:02.646 [DEBUG] [org.gradle.internal.remote.internal.inet.InetAddresses] Is this a multicast interface? true
14:17:02.646 [DEBUG] [org.gradle.internal.remote.internal.inet.InetAddresses] Adding loopback multicast interface WAN Miniport (IPv6)-QoS Packet Scheduler-0000
14:17:02.647 [DEBUG] [org.gradle.internal.remote.internal.inet.InetAddresses] Adding IP addresses for network interface WAN Miniport (Network Monitor)-WFP Native MAC Layer LightWeight Filter-0000
14:17:02.648 [DEBUG] [org.gradle.internal.remote.internal.inet.InetAddresses] Is this a loopback interface? false
14:17:02.649 [DEBUG] [org.gradle.internal.remote.internal.inet.InetAddresses] Is this a multicast interface? true
14:17:02.649 [DEBUG] [org.gradle.internal.remote.internal.inet.InetAddresses] Adding loopback multicast interface WAN Miniport (Network Monitor)-WFP Native MAC Layer LightWeight Filter-0000
14:17:02.649 [DEBUG] [org.gradle.internal.remote.internal.inet.InetAddresses] Adding IP addresses for network interface WAN Miniport (Network Monitor)-QoS Packet Scheduler-0000
14:17:02.651 [DEBUG] [org.gradle.internal.remote.internal.inet.InetAddresses] Is this a loopback interface? false
14:17:02.652 [DEBUG] [org.gradle.internal.remote.internal.inet.InetAddresses] Is this a multicast interface? true
14:17:02.652 [DEBUG] [org.gradle.internal.remote.internal.inet.InetAddresses] Adding loopback multicast interface WAN Miniport (Network Monitor)-QoS Packet Scheduler-0000
14:17:02.654 [DEBUG] [org.gradle.internal.remote.internal.inet.TcpIncomingConnector] Listening on [4c2d4319-c003-42ac-9e02-87cad658bb30 port:50497, addresses:[/127.0.0.1, /0:0:0:0:0:0:0:1]].
14:17:02.656 [DEBUG] [org.gradle.launcher.daemon.server.Daemon] Daemon starting at: Fri Mar 03 14:17:02 CST 2017, with address: [4c2d4319-c003-42ac-9e02-87cad658bb30 port:50497, addresses:[/127.0.0.1, /0:0:0:0:0:0:0:1]]
14:17:02.656 [INFO] [org.gradle.launcher.daemon.server.DaemonRegistryUpdater] Advertising the daemon address to the clients: [4c2d4319-c003-42ac-9e02-87cad658bb30 port:50497, addresses:[/127.0.0.1, /0:0:0:0:0:0:0:1]]
14:17:02.656 [DEBUG] [org.gradle.launcher.daemon.server.DaemonRegistryUpdater] Advertised daemon context: DefaultDaemonContext[uid=d7b0e223-6150-4c48-896d-4c5a32e05201,javaHome=E:\Java\jdk\jdk1.8.0_121,daemonRegistryDir=E:\GitRepos\zxd-apply\radleVersion=3.3\daemon,pid=15788,idleTimeout=10800000,daemonOpts=-XX:MaxPermSize=256m,-XX:+HeapDumpOnOutOfMemoryError,-Xmx1024m,-Dfile.encoding=GBK,-Duser.country=CN,-Duser.language=zh,-Duser.variant]
14:17:02.657 [DEBUG] [org.gradle.launcher.daemon.registry.PersistentDaemonRegistry] Storing daemon address: [4c2d4319-c003-42ac-9e02-87cad658bb30 port:50497, addresses:[/127.0.0.1, /0:0:0:0:0:0:0:1]], context: DefaultDaemonContext[uid=d7b0e223-6150-4c48-896d-4c5a32e05201,javaHome=E:\Java\jdk\jdk1.8.0_121,daemonRegistryDir=E:\GitRepos\zxd-apply\radleVersion=3.3\daemon,pid=15788,idleTimeout=10800000,daemonOpts=-XX:MaxPermSize=256m,-XX:+HeapDumpOnOutOfMemoryError,-Xmx1024m,-Dfile.encoding=GBK,-Duser.country=CN,-Duser.language=zh,-Duser.variant]
14:17:02.662 [DEBUG] [org.gradle.cache.internal.DefaultFileLockManager] Waiting to acquire exclusive lock on daemon addresses registry.
14:17:02.664 [DEBUG] [org.gradle.cache.internal.DefaultFileLockManager] Lock acquired.
14:17:02.671 [DEBUG] [org.gradle.cache.internal.DefaultFileLockManager] Releasing lock on daemon addresses registry.
14:17:02.674 [LIFECYCLE] [org.gradle.launcher.daemon.server.Daemon] Daemon server started.
14:17:02.675 [DEBUG] [org.gradle.launcher.daemon.bootstrap.DaemonStartupCommunication] Completed writing the daemon greeting. Closing streams...
14:17:02.720 [DEBUG] [org.gradle.launcher.daemon.server.Daemon] stopOnExpiration() called on daemon
14:17:02.720 [DEBUG] [org.gradle.launcher.daemon.server.Daemon] awaitExpiration() called on daemon
14:17:02.720 [DEBUG] [org.gradle.launcher.daemon.server.DaemonStateCoordinator] daemon is running. Sleeping until state changes.
14:17:02.727 [DEBUG] [org.gradle.internal.remote.internal.inet.TcpIncomingConnector] Accepted connection from /127.0.0.1:50498 to /127.0.0.1:50497.
14:17:02.814 [DEBUG] [org.gradle.launcher.daemon.server.SynchronizedDispatchConnection] thread 15: received class org.gradle.launcher.daemon.protocol.Build
14:17:02.814 [DEBUG] [org.gradle.launcher.daemon.server.DefaultDaemonConnection] thread 15: Received non-IO message from client: Build{id=7338fdf8-ab04-4e14-85b0-011dc16dcebd.1, currentDir=E:\GitRepos\zxd-apply}
14:17:02.816 [INFO] [org.gradle.launcher.daemon.server.DefaultIncomingConnectionHandler] Received command: Build{id=7338fdf8-ab04-4e14-85b0-011dc16dcebd.1, currentDir=E:\GitRepos\zxd-apply}.
14:17:02.816 [DEBUG] [org.gradle.launcher.daemon.server.DefaultIncomingConnectionHandler] Starting executing command: Build{id=7338fdf8-ab04-4e14-85b0-011dc16dcebd.1, currentDir=E:\GitRepos\zxd-apply} with connection: socket connection from /127.0.0.1:50497 to /127.0.0.1:50498.
14:17:02.818 [ERROR] [org.gradle.launcher.daemon.server.DaemonStateCoordinator] Command execution: started DaemonCommandExecution[command = Build{id=7338fdf8-ab04-4e14-85b0-011dc16dcebd.1, currentDir=E:\GitRepos\zxd-apply}, connection = DefaultDaemonConnection: socket connection from /127.0.0.1:50497 to /127.0.0.1:50498] after 0.0 minutes of idle
14:17:02.818 [INFO] [org.gradle.launcher.daemon.server.DaemonRegistryUpdater] Marking the daemon as busy, address: [4c2d4319-c003-42ac-9e02-87cad658bb30 port:50497, addresses:[/127.0.0.1, /0:0:0:0:0:0:0:1]]
14:17:02.818 [DEBUG] [org.gradle.launcher.daemon.registry.PersistentDaemonRegistry] Marking busy by address: [4c2d4319-c003-42ac-9e02-87cad658bb30 port:50497, addresses:[/127.0.0.1, /0:0:0:0:0:0:0:1]]
14:17:02.819 [DEBUG] [org.gradle.cache.internal.DefaultFileLockManager] Waiting to acquire exclusive lock on daemon addresses registry.
14:17:02.819 [DEBUG] [org.gradle.cache.internal.DefaultFileLockManager] Lock acquired.
14:17:02.824 [DEBUG] [org.gradle.cache.internal.DefaultFileLockManager] Releasing lock on daemon addresses registry.
14:17:02.826 [DEBUG] [org.gradle.launcher.daemon.server.DaemonStateCoordinator] resetting idle timer
14:17:02.826 [DEBUG] [org.gradle.launcher.daemon.server.DaemonStateCoordinator] daemon is running. Sleeping until state changes.
14:17:02.827 [INFO] [org.gradle.launcher.daemon.server.exec.StartBuildOrRespondWithBusy] Daemon is about to start building Build{id=7338fdf8-ab04-4e14-85b0-011dc16dcebd.1, currentDir=E:\GitRepos\zxd-apply}. Dispatching build started information...
14:17:02.827 [DEBUG] [org.gradle.launcher.daemon.server.SynchronizedDispatchConnection] thread 17: dispatching class org.gradle.launcher.daemon.protocol.BuildStarted
14:17:02.838 [DEBUG] [org.gradle.launcher.daemon.server.exec.EstablishBuildEnvironment] Configuring env variables: {USERDOMAIN_ROAMINGPROFILE=QH-20150429OVJE, GIT_HOME=D:\Program Files\Git, PROCESSOR_LEVEL=6, FP_NO_HOST_CHECK=NO, SESSIONNAME=Console, ALLUSERSPROFILE=C:\ProgramData, FISHEYE_HOME=C:\Atlassian\fecru-4.1.0, PROCESSOR_ARCHITECTURE=AMD64, PSModulePath=C:\WINDOWS\system32\WindowsPowerShell\v1.0\Modules\, SystemDrive=C:, =E:=E:\GitRepos\zxd-apply, MOZ_PLUGIN_PATH=D:\Program Files (x86)\Foxit Software\Foxit Reader\plugins\, DIRNAME=E:\Environment_zxd\gradle-3.3\bin\, USERNAME=Administrator, CMD_LINE_ARGS=wrapper -gradleVersion=3.3, ProgramFiles(x86)=C:\Program Files (x86), FPS_BROWSER_USER_PROFILE_STRING=Default, APP_HOME=E:\Environment_zxd\gradle-3.3\bin\.., PATHEXT=.COM;.EXE;.BAT;.CMD;.VBS;.VBE;.JS;.JSE;.WSF;.WSH;.MSC, _DFX_INSTALL_UNSIGNED_DRIVER=1, GOPATH=F:\golang\sample, #envTSLOGsss3200=16265760, PYTHON_HOME=D:\Env\Python27, ProgramData=C:\ProgramData, ProgramW6432=C:\Program Files, HOMEPATH=\Users\Administrator, PROCESSOR_IDENTIFIER=Intel64 Family 6 Model 60 Stepping 3, GenuineIntel, M2_HOME=E:\Environment\apache-maven-3.2.1, ProgramFiles=C:\Program Files, PUBLIC=C:\Users\Public, windir=C:\WINDOWS, FISHEYE_INST=C:\Atlassian\Data\fecru, MONGO_HOME=D:\Program Files\MongoDB\Server\3.2, =::=::\, _SKIP=2, LOCALAPPDATA=C:\Users\Administrator\AppData\Local, USERDOMAIN=QH-20150429OVJE, FPS_BROWSER_APP_PROFILE_STRING=Internet Explorer, LOGONSERVER=\\QH-20150429OVJE, PROMPT=$P$G, JAVA_HOME=E:\Java\jdk\jdk1.8.0_121, GRADLE_HOME=E:\Environment_zxd\gradle-3.3, asl.log=Destination=file, OneDrive=C:\Users\Administrator\OneDrive, APPDATA=C:\Users\Administrator\AppData\Roaming, JAVA_EXE=E:\Java\jdk\jdk1.8.0_121/bin/java.exe, windows_tracing_logfile=C:\BVTBin\Tests\installpackage\csilogfile.log, ES_HOME=E:\Intergration\elasticsearch-1.5.2, CommonProgramFiles=C:\Program Files\Common Files, JMETER_HOME=E:\Java\apache-jmeter-3.1, Path=C:\Program Files (x86)\Common Files\NetSarang;C:\ProgramData\Oracle\Java\javapath;C:\WINDOWS\system32;C:\WINDOWS;C:\WINDOWS\System32\Wbem;C:\WINDOWS\System32\WindowsPowerShell\v1.0\;E:\Java\jdk\jdk1.8.0_121\bin;D:\Program Files\TortoiseGit\bin;D:\Program Files (x86)\Microsoft SQL Server\100\Tools\Binn\;D:\Program Files\Microsoft SQL Server\100\Tools\Binn\;D:\Program Files\Microsoft SQL Server\100\DTS\Binn\;D:\Program Files (x86)\Microsoft SQL Server\100\Tools\Binn\VSShell\Common7\IDE\;C:\Program Files (x86)\Microsoft Visual Studio 9.0\Common7\IDE\PrivateAssemblies\;D:\Program Files (x86)\Microsoft SQL Server\100\DTS\Binn\;D:\Program Files\Git\cmd;D:\Program Files\Git\bin;E:\Environment\apache-maven-3.2.1\bin;E:\Environment_zxd\gradle-3.3\bin;E:\Environment\apache-ant-1.9.4\bin;E:\Environment\groovy-2.4.3\bin;E:\Intergration\elasticsearch-1.5.2\bin;E:\Intergration\logstash-1.5.0\bin;D:\Program Files\MongoDB\Server\3.0\bin;D:\Env\Scala2.10\bin;E:\Environment\grails-3.0.8\bin;D:\Program Files\MongoDB\Server\3.2\bin;D:\Program Files\Git;D:\nodejs\;D:\Tools\putty;D:\Env\Python27;D:\Program Files\TortoiseSVN\bin;E:\Java\btrace-1.3.8.3\bin;%JMETER_HOME\bin;D:\Env\Python27\Scripts;D:\Program Files\OpenVPN\bin;D:\Program Files\Go\bin;D:\Program Files (x86)\SSH Communications Security\SSH Secure Shell;D:\Program Files\MongoDB\Server\3.0\bin;C:\Users\Administrator\AppData\Local\.meteor\;C:\Users\Administrator\AppData\Roaming\npm;C:\Users\Administrator\AppData\Local\Microsoft\WindowsApps;C:\Users\Administrator\AppData\Local\atom\bin, OS=Windows_NT, windows_tracing_flags=3, COMPUTERNAME=QH-20150429OVJE, PROCESSOR_REVISION=3c03, CLASSPATH=E:\Environment_zxd\gradle-3.3\bin\..\lib\gradle-launcher-3.3.jar, CommonProgramW6432=C:\Program Files\Common Files, GOROOT=D:\Program Files\Go, ComSpec=C:\WINDOWS\system32\cmd.exe, APP_BASE_NAME=gradle, SystemRoot=C:\WINDOWS, TEMP=C:\Users\ADMINI~1\AppData\Local\Temp, HOMEDRIVE=C:, USERPROFILE=C:\Users\Administrator, TMP=C:\Users\ADMINI~1\AppData\Local\Temp, BTRACE_HOME=E:\Java\btrace-1.3.8.3, CommonProgramFiles(x86)=C:\Program Files (x86)\Common Files, NUMBER_OF_PROCESSORS=4}
14:17:02.843 [DEBUG] [org.gradle.launcher.daemon.server.exec.LogToClient] About to start relaying all logs to the client via the connection.
14:17:02.843 [INFO] [org.gradle.launcher.daemon.server.exec.LogToClient] The client will now receive all logging from the daemon (pid: 15788). The daemon log file: E:\GitRepos\zxd-apply\radleVersion=3.3\daemon\3.3\daemon-15788.out.log
14:17:02.844 [INFO] [org.gradle.launcher.daemon.server.exec.LogAndCheckHealth] Starting build in new daemon [memory: 954.7 MB]
14:17:02.846 [DEBUG] [org.gradle.launcher.daemon.server.exec.ExecuteBuild] The daemon has started executing the build.
14:17:02.847 [INFO] [org.gradle.launcher.daemon.server.exec.ExecuteBuild] Executing build with daemon context: DefaultDaemonContext[uid=d7b0e223-6150-4c48-896d-4c5a32e05201,javaHome=E:\Java\jdk\jdk1.8.0_121,daemonRegistryDir=E:\GitRepos\zxd-apply\radleVersion=3.3\daemon,pid=15788,idleTimeout=10800000,daemonOpts=-XX:MaxPermSize=256m,-XX:+HeapDumpOnOutOfMemoryError,-Xmx1024m,-Dfile.encoding=GBK,-Duser.country=CN,-Duser.language=zh,-Duser.variant]
14:17:03.019 [INFO] [org.gradle.cache.internal.DefaultCacheAccess] Creating new cache for plugin-use-metadata, path E:\GitRepos\zxd-apply\radleVersion=3.3\caches\3.3\plugin-resolution\plugin-use-metadata.bin, access org.gradle.cache.internal.DefaultCacheAccess@7a23a448
14:17:03.020 [INFO] [org.gradle.cache.internal.DefaultCacheAccess] Creating new cache for client-status, path E:\GitRepos\zxd-apply\radleVersion=3.3\caches\3.3\plugin-resolution\client-status.bin, access org.gradle.cache.internal.DefaultCacheAccess@7a23a448
:wrapper

BUILD SUCCESSFUL

Total time: 4.507 secs
14:17:05.504 [DEBUG] [org.gradle.cache.internal.LockOnDemandCrossProcessCacheAccess] Releasing file lock for task history cache (E:\GitRepos\zxd-apply\.gradle\3.3\taskArtifacts)
14:17:05.505 [DEBUG] [org.gradle.cache.internal.btree.BTreePersistentIndexedCache] Closing cache taskArtifacts.bin (E:\GitRepos\zxd-apply\.gradle\3.3\taskArtifacts\taskArtifacts.bin)
14:17:05.508 [DEBUG] [org.gradle.cache.internal.btree.BTreePersistentIndexedCache] Closing cache fileHashes.bin (E:\GitRepos\zxd-apply\.gradle\3.3\taskArtifacts\fileHashes.bin)
14:17:05.513 [DEBUG] [org.gradle.cache.internal.btree.BTreePersistentIndexedCache] Closing cache fileSnapshots.bin (E:\GitRepos\zxd-apply\.gradle\3.3\taskArtifacts\fileSnapshots.bin)
14:17:05.518 [DEBUG] [org.gradle.cache.internal.DefaultFileLockManager] Releasing lock on task history cache (E:\GitRepos\zxd-apply\.gradle\3.3\taskArtifacts).
14:17:05.521 [DEBUG] [org.gradle.api.internal.artifacts.ivyservice.resolveengine.store.ResolutionResultsStoreFactory] Deleted 0 resolution results binary files in 0.0 secs
14:17:05.522 [DEBUG] [org.gradle.cache.internal.DefaultCacheAccess] Cache Plugin Resolution Cache (E:\GitRepos\zxd-apply\radleVersion=3.3\caches\3.3\plugin-resolution) was closed 0 times.
14:17:05.522 [DEBUG] [org.gradle.process.internal.daemon.WorkerDaemonManager] Stopping 0 worker daemon(s).
14:17:05.522 [INFO] [org.gradle.process.internal.daemon.WorkerDaemonManager] Stopped 0 worker daemon(s).
14:17:05.522 [DEBUG] [org.gradle.cache.internal.DefaultCacheAccess] Cache Generated Gradle JARs cache (E:\GitRepos\zxd-apply\radleVersion=3.3\caches\3.3\generated-gradle-jars) was closed 0 times.
14:17:05.522 [DEBUG] [org.gradle.cache.internal.DefaultCacheAccess] Cache artifact cache (E:\GitRepos\zxd-apply\radleVersion=3.3\caches\modules-2) was closed 0 times.
14:17:05.522 [DEBUG] [org.gradle.launcher.daemon.server.exec.ExecuteBuild] The daemon has finished executing the build.
14:17:05.529 [DEBUG] [org.gradle.launcher.daemon.server.DaemonStateCoordinator] daemon is running. Sleeping until state changes.
14:17:05.529 [DEBUG] [org.gradle.launcher.daemon.server.DaemonStateCoordinator] Command execution: finished waiting for DaemonCommandExecution[command = Build{id=7338fdf8-ab04-4e14-85b0-011dc16dcebd.1, currentDir=E:\GitRepos\zxd-apply}, connection = DefaultDaemonConnection: socket connection from /127.0.0.1:50497 to /127.0.0.1:50498]. Result org.gradle.launcher.daemon.server.DaemonStateCoordinator@499cc077 with state Busy
14:17:05.529 [DEBUG] [org.gradle.launcher.daemon.server.DaemonStateCoordinator] Command execution: completed DaemonCommandExecution[command = Build{id=7338fdf8-ab04-4e14-85b0-011dc16dcebd.1, currentDir=E:\GitRepos\zxd-apply}, connection = DefaultDaemonConnection: socket connection from /127.0.0.1:50497 to /127.0.0.1:50498]
14:17:05.529 [DEBUG] [org.gradle.launcher.daemon.server.DaemonStateCoordinator] resetting idle timer
14:17:05.529 [INFO] [org.gradle.launcher.daemon.server.DaemonRegistryUpdater] Marking the daemon as idle, address: [4c2d4319-c003-42ac-9e02-87cad658bb30 port:50497, addresses:[/127.0.0.1, /0:0:0:0:0:0:0:1]]
14:17:05.529 [DEBUG] [org.gradle.launcher.daemon.registry.PersistentDaemonRegistry] Marking busy by address: [4c2d4319-c003-42ac-9e02-87cad658bb30 port:50497, addresses:[/127.0.0.1, /0:0:0:0:0:0:0:1]]
14:17:05.530 [DEBUG] [org.gradle.cache.internal.DefaultFileLockManager] Waiting to acquire exclusive lock on daemon addresses registry.
14:17:05.530 [DEBUG] [org.gradle.cache.internal.DefaultFileLockManager] Lock acquired.
14:17:05.533 [DEBUG] [org.gradle.cache.internal.DefaultFileLockManager] Releasing lock on daemon addresses registry.
14:17:05.536 [DEBUG] [org.gradle.launcher.daemon.server.DaemonStateCoordinator] daemon is running. Sleeping until state changes.
14:17:05.536 [DEBUG] [org.gradle.launcher.daemon.server.exec.ReturnResult] Daemon is dispatching the build result: Success[value=null]
14:17:05.536 [DEBUG] [org.gradle.launcher.daemon.server.SynchronizedDispatchConnection] thread 14: dispatching class org.gradle.launcher.daemon.protocol.Success
14:17:05.538 [DEBUG] [org.gradle.launcher.daemon.server.DefaultIncomingConnectionHandler] Finishing executing command: Build{id=7338fdf8-ab04-4e14-85b0-011dc16dcebd.1, currentDir=E:\GitRepos\zxd-apply}
14:17:05.540 [DEBUG] [org.gradle.launcher.daemon.server.SynchronizedDispatchConnection] thread 15: received class org.gradle.launcher.daemon.protocol.CloseInput
14:17:05.541 [DEBUG] [org.gradle.launcher.daemon.server.DefaultDaemonConnection] thread 15: Received IO message from client: org.gradle.launcher.daemon.protocol.CloseInput@bc64ea4
14:17:05.543 [DEBUG] [org.gradle.launcher.daemon.server.SynchronizedDispatchConnection] thread 15: received class org.gradle.launcher.daemon.protocol.Finished
14:17:05.543 [DEBUG] [org.gradle.launcher.daemon.server.DefaultDaemonConnection] thread 15: Received non-IO message from client: org.gradle.launcher.daemon.protocol.Finished@4f0d71b4
14:17:05.543 [DEBUG] [org.gradle.internal.remote.internal.inet.SocketConnection] Discarding EOFException: java.io.EOFException
14:17:05.543 [DEBUG] [org.gradle.launcher.daemon.server.SynchronizedDispatchConnection] thread 15: received null
14:17:05.543 [DEBUG] [org.gradle.launcher.daemon.server.DefaultDaemonConnection] thread 15: Received end-of-input from client.
14:17:05.544 [DEBUG] [org.gradle.launcher.daemon.server.DefaultIncomingConnectionHandler] Received finished message: null
14:17:05.545 [DEBUG] [org.gradle.launcher.daemon.server.SynchronizedDispatchConnection] thread 14: stopping connection
14:17:05.545 [DEBUG] [org.gradle.launcher.daemon.server.SynchronizedDispatchConnection] thread 14: stopping connection
14:17:12.721 [DEBUG] [org.gradle.launcher.daemon.server.Daemon] DaemonExpirationPeriodicCheck running
14:17:12.722 [DEBUG] [org.gradle.cache.internal.DefaultFileLockManager] Waiting to acquire shared lock on daemon addresses registry.
14:17:12.722 [DEBUG] [org.gradle.cache.internal.DefaultFileLockManager] Lock acquired.
14:17:12.722 [DEBUG] [org.gradle.cache.internal.DefaultFileLockManager] Releasing lock on daemon addresses registry.
14:17:12.723 [DEBUG] [org.gradle.cache.internal.DefaultFileLockManager] Waiting to acquire shared lock on daemon addresses registry.
14:17:12.723 [DEBUG] [org.gradle.cache.internal.DefaultFileLockManager] Lock acquired.
14:17:12.723 [DEBUG] [org.gradle.cache.internal.DefaultFileLockManager] Releasing lock on daemon addresses registry.
14:17:22.721 [DEBUG] [org.gradle.launcher.daemon.server.Daemon] DaemonExpirationPeriodicCheck running
14:17:22.722 [DEBUG] [org.gradle.cache.internal.DefaultFileLockManager] Waiting to acquire shared lock on daemon addresses registry.
14:17:22.722 [DEBUG] [org.gradle.cache.internal.DefaultFileLockManager] Lock acquired.
14:17:22.722 [DEBUG] [org.gradle.cache.internal.DefaultFileLockManager] Releasing lock on daemon addresses registry.
14:17:22.723 [INFO] [org.gradle.launcher.daemon.server.DaemonIdleTimeoutExpirationStrategy] Idle timeout: daemon has been idle for 17193 milliseconds. Expiring.
14:17:22.723 [DEBUG] [org.gradle.cache.internal.DefaultFileLockManager] Waiting to acquire shared lock on daemon addresses registry.
14:17:22.724 [DEBUG] [org.gradle.cache.internal.DefaultFileLockManager] Lock acquired.
14:17:22.724 [DEBUG] [org.gradle.cache.internal.DefaultFileLockManager] Releasing lock on daemon addresses registry.
14:17:22.725 [DEBUG] [org.gradle.cache.internal.DefaultFileLockManager] Waiting to acquire shared lock on daemon addresses registry.
14:17:22.725 [DEBUG] [org.gradle.cache.internal.DefaultFileLockManager] Lock acquired.
14:17:22.726 [DEBUG] [org.gradle.cache.internal.DefaultFileLockManager] Releasing lock on daemon addresses registry.
14:17:32.721 [DEBUG] [org.gradle.launcher.daemon.server.Daemon] DaemonExpirationPeriodicCheck running
14:17:32.722 [DEBUG] [org.gradle.cache.internal.DefaultFileLockManager] Waiting to acquire shared lock on daemon addresses registry.
14:17:32.722 [DEBUG] [org.gradle.cache.internal.DefaultFileLockManager] Lock acquired.
14:17:32.722 [DEBUG] [org.gradle.cache.internal.DefaultFileLockManager] Releasing lock on daemon addresses registry.
14:17:32.725 [INFO] [org.gradle.launcher.daemon.server.DaemonIdleTimeoutExpirationStrategy] Idle timeout: daemon has been idle for 27195 milliseconds. Expiring.
14:17:32.727 [DEBUG] [org.gradle.cache.internal.DefaultFileLockManager] Waiting to acquire shared lock on daemon addresses registry.
14:17:32.727 [DEBUG] [org.gradle.cache.internal.DefaultFileLockManager] Lock acquired.
14:17:32.727 [DEBUG] [org.gradle.cache.internal.DefaultFileLockManager] Releasing lock on daemon addresses registry.
14:17:32.728 [DEBUG] [org.gradle.cache.internal.DefaultFileLockManager] Waiting to acquire shared lock on daemon addresses registry.
14:17:32.728 [DEBUG] [org.gradle.cache.internal.DefaultFileLockManager] Lock acquired.
14:17:32.728 [DEBUG] [org.gradle.cache.internal.DefaultFileLockManager] Releasing lock on daemon addresses registry.
14:17:42.722 [DEBUG] [org.gradle.launcher.daemon.server.Daemon] DaemonExpirationPeriodicCheck running
14:17:42.722 [DEBUG] [org.gradle.cache.internal.DefaultFileLockManager] Waiting to acquire shared lock on daemon addresses registry.
14:17:42.723 [DEBUG] [org.gradle.cache.internal.DefaultFileLockManager] Lock acquired.
14:17:42.723 [DEBUG] [org.gradle.cache.internal.DefaultFileLockManager] Releasing lock on daemon addresses registry.
14:17:42.723 [INFO] [org.gradle.launcher.daemon.server.DaemonIdleTimeoutExpirationStrategy] Idle timeout: daemon has been idle for 37194 milliseconds. Expiring.
14:17:42.723 [DEBUG] [org.gradle.cache.internal.DefaultFileLockManager] Waiting to acquire shared lock on daemon addresses registry.
14:17:42.724 [DEBUG] [org.gradle.cache.internal.DefaultFileLockManager] Lock acquired.
14:17:42.724 [DEBUG] [org.gradle.cache.internal.DefaultFileLockManager] Releasing lock on daemon addresses registry.
14:17:42.724 [DEBUG] [org.gradle.cache.internal.DefaultFileLockManager] Waiting to acquire shared lock on daemon addresses registry.
14:17:42.724 [DEBUG] [org.gradle.cache.internal.DefaultFileLockManager] Lock acquired.
14:17:42.725 [DEBUG] [org.gradle.cache.internal.DefaultFileLockManager] Releasing lock on daemon addresses registry.
14:17:52.721 [DEBUG] [org.gradle.launcher.daemon.server.Daemon] DaemonExpirationPeriodicCheck running
14:17:52.721 [DEBUG] [org.gradle.cache.internal.DefaultFileLockManager] Waiting to acquire shared lock on daemon addresses registry.
14:17:52.721 [DEBUG] [org.gradle.cache.internal.DefaultFileLockManager] Lock acquired.
14:17:52.721 [DEBUG] [org.gradle.cache.internal.DefaultFileLockManager] Releasing lock on daemon addresses registry.
14:17:52.722 [INFO] [org.gradle.launcher.daemon.server.DaemonIdleTimeoutExpirationStrategy] Idle timeout: daemon has been idle for 47192 milliseconds. Expiring.
14:17:52.722 [DEBUG] [org.gradle.cache.internal.DefaultFileLockManager] Waiting to acquire shared lock on daemon addresses registry.
14:17:52.722 [DEBUG] [org.gradle.cache.internal.DefaultFileLockManager] Lock acquired.
14:17:52.722 [DEBUG] [org.gradle.cache.internal.DefaultFileLockManager] Releasing lock on daemon addresses registry.
14:17:52.723 [DEBUG] [org.gradle.cache.internal.DefaultFileLockManager] Waiting to acquire shared lock on daemon addresses registry.
14:17:52.723 [DEBUG] [org.gradle.cache.internal.DefaultFileLockManager] Lock acquired.
14:17:52.723 [DEBUG] [org.gradle.cache.internal.DefaultFileLockManager] Releasing lock on daemon addresses registry.
14:18:02.721 [DEBUG] [org.gradle.launcher.daemon.server.Daemon] DaemonExpirationPeriodicCheck running
14:18:02.721 [DEBUG] [org.gradle.cache.internal.DefaultFileLockManager] Waiting to acquire shared lock on daemon addresses registry.
14:18:02.722 [DEBUG] [org.gradle.cache.internal.DefaultFileLockManager] Lock acquired.
14:18:02.722 [DEBUG] [org.gradle.cache.internal.DefaultFileLockManager] Releasing lock on daemon addresses registry.
14:18:02.722 [INFO] [org.gradle.launcher.daemon.server.DaemonIdleTimeoutExpirationStrategy] Idle timeout: daemon has been idle for 57193 milliseconds. Expiring.
14:18:02.722 [DEBUG] [org.gradle.cache.internal.DefaultFileLockManager] Waiting to acquire shared lock on daemon addresses registry.
14:18:02.723 [DEBUG] [org.gradle.cache.internal.DefaultFileLockManager] Lock acquired.
14:18:02.723 [DEBUG] [org.gradle.cache.internal.DefaultFileLockManager] Releasing lock on daemon addresses registry.
14:18:02.723 [DEBUG] [org.gradle.cache.internal.DefaultFileLockManager] Waiting to acquire shared lock on daemon addresses registry.
14:18:02.723 [DEBUG] [org.gradle.cache.internal.DefaultFileLockManager] Lock acquired.
14:18:02.724 [DEBUG] [org.gradle.cache.internal.DefaultFileLockManager] Releasing lock on daemon addresses registry.
14:18:12.721 [DEBUG] [org.gradle.launcher.daemon.server.Daemon] DaemonExpirationPeriodicCheck running
14:18:12.721 [DEBUG] [org.gradle.cache.internal.DefaultFileLockManager] Waiting to acquire shared lock on daemon addresses registry.
14:18:12.721 [DEBUG] [org.gradle.cache.internal.DefaultFileLockManager] Lock acquired.
14:18:12.721 [DEBUG] [org.gradle.cache.internal.DefaultFileLockManager] Releasing lock on daemon addresses registry.
14:18:12.722 [INFO] [org.gradle.launcher.daemon.server.DaemonIdleTimeoutExpirationStrategy] Idle timeout: daemon has been idle for 67192 milliseconds. Expiring.
14:18:12.722 [DEBUG] [org.gradle.cache.internal.DefaultFileLockManager] Waiting to acquire shared lock on daemon addresses registry.
14:18:12.722 [DEBUG] [org.gradle.cache.internal.DefaultFileLockManager] Lock acquired.
14:18:12.722 [DEBUG] [org.gradle.cache.internal.DefaultFileLockManager] Releasing lock on daemon addresses registry.
14:18:12.722 [DEBUG] [org.gradle.cache.internal.DefaultFileLockManager] Waiting to acquire shared lock on daemon addresses registry.
14:18:12.722 [DEBUG] [org.gradle.cache.internal.DefaultFileLockManager] Lock acquired.
14:18:12.723 [DEBUG] [org.gradle.cache.internal.DefaultFileLockManager] Releasing lock on daemon addresses registry.
14:18:22.721 [DEBUG] [org.gradle.launcher.daemon.server.Daemon] DaemonExpirationPeriodicCheck running
14:18:22.721 [DEBUG] [org.gradle.cache.internal.DefaultFileLockManager] Waiting to acquire shared lock on daemon addresses registry.
14:18:22.721 [DEBUG] [org.gradle.cache.internal.DefaultFileLockManager] Lock acquired.
14:18:22.722 [DEBUG] [org.gradle.cache.internal.DefaultFileLockManager] Releasing lock on daemon addresses registry.
14:18:22.722 [INFO] [org.gradle.launcher.daemon.server.DaemonIdleTimeoutExpirationStrategy] Idle timeout: daemon has been idle for 77193 milliseconds. Expiring.
14:18:22.722 [DEBUG] [org.gradle.cache.internal.DefaultFileLockManager] Waiting to acquire shared lock on daemon addresses registry.
14:18:22.722 [DEBUG] [org.gradle.cache.internal.DefaultFileLockManager] Lock acquired.
14:18:22.723 [DEBUG] [org.gradle.cache.internal.DefaultFileLockManager] Releasing lock on daemon addresses registry.
14:18:22.723 [DEBUG] [org.gradle.cache.internal.DefaultFileLockManager] Waiting to acquire shared lock on daemon addresses registry.
14:18:22.723 [DEBUG] [org.gradle.cache.internal.DefaultFileLockManager] Lock acquired.
14:18:22.723 [DEBUG] [org.gradle.cache.internal.DefaultFileLockManager] Releasing lock on daemon addresses registry.
14:18:32.721 [DEBUG] [org.gradle.launcher.daemon.server.Daemon] DaemonExpirationPeriodicCheck running
14:18:32.721 [DEBUG] [org.gradle.cache.internal.DefaultFileLockManager] Waiting to acquire shared lock on daemon addresses registry.
14:18:32.721 [DEBUG] [org.gradle.cache.internal.DefaultFileLockManager] Lock acquired.
14:18:32.722 [DEBUG] [org.gradle.cache.internal.DefaultFileLockManager] Releasing lock on daemon addresses registry.
14:18:32.722 [INFO] [org.gradle.launcher.daemon.server.DaemonIdleTimeoutExpirationStrategy] Idle timeout: daemon has been idle for 87192 milliseconds. Expiring.
14:18:32.722 [DEBUG] [org.gradle.cache.internal.DefaultFileLockManager] Waiting to acquire shared lock on daemon addresses registry.
14:18:32.722 [DEBUG] [org.gradle.cache.internal.DefaultFileLockManager] Lock acquired.
14:18:32.723 [DEBUG] [org.gradle.cache.internal.DefaultFileLockManager] Releasing lock on daemon addresses registry.
14:18:32.723 [DEBUG] [org.gradle.cache.internal.DefaultFileLockManager] Waiting to acquire shared lock on daemon addresses registry.
14:18:32.723 [DEBUG] [org.gradle.cache.internal.DefaultFileLockManager] Lock acquired.
14:18:32.723 [DEBUG] [org.gradle.cache.internal.DefaultFileLockManager] Releasing lock on daemon addresses registry.
14:18:42.722 [DEBUG] [org.gradle.launcher.daemon.server.Daemon] DaemonExpirationPeriodicCheck running
14:18:42.722 [DEBUG] [org.gradle.cache.internal.DefaultFileLockManager] Waiting to acquire shared lock on daemon addresses registry.
14:18:42.722 [DEBUG] [org.gradle.cache.internal.DefaultFileLockManager] Lock acquired.
14:18:42.722 [DEBUG] [org.gradle.cache.internal.DefaultFileLockManager] Releasing lock on daemon addresses registry.
14:18:42.723 [INFO] [org.gradle.launcher.daemon.server.DaemonIdleTimeoutExpirationStrategy] Idle timeout: daemon has been idle for 97193 milliseconds. Expiring.
14:18:42.723 [DEBUG] [org.gradle.cache.internal.DefaultFileLockManager] Waiting to acquire shared lock on daemon addresses registry.
14:18:42.723 [DEBUG] [org.gradle.cache.internal.DefaultFileLockManager] Lock acquired.
14:18:42.723 [DEBUG] [org.gradle.cache.internal.DefaultFileLockManager] Releasing lock on daemon addresses registry.
14:18:42.723 [DEBUG] [org.gradle.cache.internal.DefaultFileLockManager] Waiting to acquire shared lock on daemon addresses registry.
14:18:42.723 [DEBUG] [org.gradle.cache.internal.DefaultFileLockManager] Lock acquired.
14:18:42.724 [DEBUG] [org.gradle.cache.internal.DefaultFileLockManager] Releasing lock on daemon addresses registry.
14:18:52.722 [DEBUG] [org.gradle.launcher.daemon.server.Daemon] DaemonExpirationPeriodicCheck running
14:18:52.722 [DEBUG] [org.gradle.cache.internal.DefaultFileLockManager] Waiting to acquire shared lock on daemon addresses registry.
14:18:52.723 [DEBUG] [org.gradle.cache.internal.DefaultFileLockManager] Lock acquired.
14:18:52.723 [DEBUG] [org.gradle.cache.internal.DefaultFileLockManager] Releasing lock on daemon addresses registry.
14:18:52.724 [INFO] [org.gradle.launcher.daemon.server.DaemonIdleTimeoutExpirationStrategy] Idle timeout: daemon has been idle for 107195 milliseconds. Expiring.
14:18:52.724 [DEBUG] [org.gradle.cache.internal.DefaultFileLockManager] Waiting to acquire shared lock on daemon addresses registry.
14:18:52.724 [DEBUG] [org.gradle.cache.internal.DefaultFileLockManager] Lock acquired.
14:18:52.724 [DEBUG] [org.gradle.cache.internal.DefaultFileLockManager] Releasing lock on daemon addresses registry.
14:18:52.725 [DEBUG] [org.gradle.cache.internal.DefaultFileLockManager] Waiting to acquire shared lock on daemon addresses registry.
14:18:52.725 [DEBUG] [org.gradle.cache.internal.DefaultFileLockManager] Lock acquired.
14:18:52.725 [DEBUG] [org.gradle.cache.internal.DefaultFileLockManager] Releasing lock on daemon addresses registry.
